<?xml version="1.0" encoding="UTF-8"?>
<coverage generated="1787147896917" clover="3.2.0">
  <project timestamp="1787147896917" name="All files">
    <metrics statements="67" coveredstatements="67" conditionals="10" coveredconditionals="8" methods="15" coveredmethods="15" elements="92" coveredelements="90" complexity="0" loc="67" ncloc="67" packages="1" files="1" classes="1"/>
    <file name="index.ts" path="C:\Users\assis\projetoibmbob\geo-explorer\src\commands\index.ts">
      <metrics statements="67" coveredstatements="67" conditionals="10" coveredconditionals="8" methods="15" coveredmethods="15"/>
      <line num="1" count="1" type="stmt"/>
      <line num="9" count="1" type="stmt"/>
      <line num="16" count="50" type="stmt"/>
      <line num="24" count="92" type="cond" truecount="1" falsecount="0"/>
      <line num="25" count="12" type="stmt"/>
      <line num="31" count="1" type="stmt"/>
      <line num="38" count="18" type="stmt"/>
      <line num="39" count="18" type="stmt"/>
      <line num="40" count="18" type="stmt"/>
      <line num="41" count="72" type="stmt"/>
      <line num="44" count="18" type="cond" truecount="1" falsecount="1"/>
      <line num="56" count="1" type="stmt"/>
      <line num="57" count="15" type="stmt"/>
      <line num="59" count="13" type="stmt"/>
      <line num="60" count="34" type="stmt"/>
      <line num="62" count="13" type="cond" truecount="1" falsecount="0"/>
      <line num="63" count="1" type="stmt"/>
      <line num="65" count="4" type="stmt"/>
      <line num="69" count="12" type="stmt"/>
      <line num="79" count="1" type="stmt"/>
      <line num="80" count="13" type="stmt"/>
      <line num="81" count="11" type="stmt"/>
      <line num="83" count="9" type="stmt"/>
      <line num="84" count="9" type="stmt"/>
      <line num="86" count="21" type="stmt"/>
      <line num="88" count="9" type="cond" truecount="1" falsecount="0"/>
      <line num="89" count="1" type="stmt"/>
      <line num="91" count="4" type="stmt"/>
      <line num="95" count="8" type="stmt"/>
      <line num="97" count="8" type="cond" truecount="1" falsecount="0"/>
      <line num="98" count="1" type="stmt"/>
      <line num="99" count="1" type="stmt"/>
      <line num="105" count="7" type="stmt"/>
      <line num="115" count="162" type="stmt"/>
      <line num="116" count="162" type="stmt"/>
      <line num="117" count="162" type="stmt"/>
      <line num="118" count="162" type="stmt"/>
      <line num="130" count="1" type="stmt"/>
      <line num="134" count="23" type="stmt"/>
      <line num="135" count="21" type="stmt"/>
      <line num="137" count="19" type="stmt"/>
      <line num="138" count="19" type="stmt"/>
      <line num="140" count="39" type="stmt"/>
      <line num="142" count="19" type="cond" truecount="1" falsecount="0"/>
      <line num="143" count="1" type="stmt"/>
      <line num="145" count="4" type="stmt"/>
      <line num="149" count="18" type="stmt"/>
      <line num="155" count="18" type="stmt"/>
      <line num="158" count="18" type="stmt"/>
      <line num="165" count="18" type="stmt"/>
      <line num="168" count="18" type="stmt"/>
      <line num="169" count="18" type="stmt"/>
      <line num="170" count="18" type="stmt"/>
      <line num="171" count="18" type="stmt"/>
      <line num="172" count="18" type="stmt"/>
      <line num="174" count="18" type="cond" truecount="1" falsecount="1"/>
      <line num="176" count="18" type="stmt"/>
      <line num="197" count="18" type="stmt"/>
      <line num="206" count="1" type="stmt"/>
      <line num="207" count="9" type="stmt"/>
      <line num="209" count="7" type="stmt"/>
      <line num="210" count="7" type="stmt"/>
      <line num="212" count="7" type="cond" truecount="1" falsecount="0"/>
      <line num="213" count="3" type="stmt"/>
      <line num="219" count="4" type="stmt"/>
      <line num="226" count="1" type="stmt"/>
      <line num="227" count="52" type="stmt"/>
    </file>
  </project>
</coverage>
