{"C:\\Users\\assis\\projetoibmbob\\geo-explorer\\src\\commands\\index.ts": {"path":"C:\\Users\\assis\\projetoibmbob\\geo-explorer\\src\\commands\\index.ts","statementMap":{"0":{"start":{"line":56,"column":0},"end":{"line":56,"column":16}},"1":{"start":{"line":79,"column":0},"end":{"line":79,"column":16}},"2":{"start":{"line":130,"column":0},"end":{"line":130,"column":16}},"3":{"start":{"line":206,"column":0},"end":{"line":206,"column":16}},"4":{"start":{"line":226,"column":0},"end":{"line":226,"column":16}},"5":{"start":{"line":1,"column":0},"end":{"line":1,"column":41}},"6":{"start":{"line":9,"column":27},"end":{"line":9,"column":44}},"7":{"start":{"line":16,"column":2},"end":{"line":16,"column":36}},"8":{"start":{"line":24,"column":2},"end":{"line":26,"column":3}},"9":{"start":{"line":25,"column":4},"end":{"line":25,"column":57}},"10":{"start":{"line":31,"column":25},"end":{"line":31,"column":61}},"11":{"start":{"line":38,"column":16},"end":{"line":38,"column":54}},"12":{"start":{"line":39,"column":13},"end":{"line":39,"column":19}},"13":{"start":{"line":40,"column":2},"end":{"line":42,"column":3}},"14":{"start":{"line":40,"column":15},"end":{"line":40,"column":16}},"15":{"start":{"line":41,"column":4},"end":{"line":41,"column":60}},"16":{"start":{"line":44,"column":2},"end":{"line":44,"column":60}},"17":{"start":{"line":57,"column":2},"end":{"line":57,"column":32}},"18":{"start":{"line":59,"column":19},"end":{"line":59,"column":34}},"19":{"start":{"line":60,"column":16},"end":{"line":60,"column":70}},"20":{"start":{"line":60,"column":38},"end":{"line":60,"column":69}},"21":{"start":{"line":62,"column":2},"end":{"line":67,"column":3}},"22":{"start":{"line":63,"column":4},"end":{"line":66,"column":6}},"23":{"start":{"line":65,"column":50},"end":{"line":65,"column":54}},"24":{"start":{"line":69,"column":2},"end":{"line":69,"column":23}},"25":{"start":{"line":80,"column":2},"end":{"line":80,"column":32}},"26":{"start":{"line":81,"column":2},"end":{"line":81,"column":34}},"27":{"start":{"line":83,"column":19},"end":{"line":83,"column":34}},"28":{"start":{"line":84,"column":20},"end":{"line":84,"column":36}},"29":{"start":{"line":86,"column":16},"end":{"line":86,"column":70}},"30":{"start":{"line":86,"column":38},"end":{"line":86,"column":69}},"31":{"start":{"line":88,"column":2},"end":{"line":93,"column":3}},"32":{"start":{"line":89,"column":4},"end":{"line":92,"column":6}},"33":{"start":{"line":91,"column":50},"end":{"line":91,"column":54}},"34":{"start":{"line":95,"column":20},"end":{"line":95,"column":47}},"35":{"start":{"line":97,"column":2},"end":{"line":103,"column":3}},"36":{"start":{"line":98,"column":28},"end":{"line":98,"column":68}},"37":{"start":{"line":99,"column":4},"end":{"line":102,"column":6}},"38":{"start":{"line":105,"column":2},"end":{"line":105,"column":19}},"39":{"start":{"line":115,"column":14},"end":{"line":115,"column":54}},"40":{"start":{"line":116,"column":15},"end":{"line":116,"column":34}},"41":{"start":{"line":117,"column":16},"end":{"line":117,"column":26}},"42":{"start":{"line":118,"column":2},"end":{"line":118,"column":65}},"43":{"start":{"line":134,"column":2},"end":{"line":134,"column":40}},"44":{"start":{"line":135,"column":2},"end":{"line":135,"column":32}},"45":{"start":{"line":137,"column":22},"end":{"line":137,"column":37}},"46":{"start":{"line":138,"column":22},"end":{"line":138,"column":37}},"47":{"start":{"line":140,"column":16},"end":{"line":140,"column":70}},"48":{"start":{"line":140,"column":38},"end":{"line":140,"column":69}},"49":{"start":{"line":142,"column":2},"end":{"line":147,"column":3}},"50":{"start":{"line":143,"column":4},"end":{"line":146,"column":6}},"51":{"start":{"line":145,"column":50},"end":{"line":145,"column":54}},"52":{"start":{"line":149,"column":15},"end":{"line":153,"column":4}},"53":{"start":{"line":155,"column":15},"end":{"line":155,"column":29}},"54":{"start":{"line":158,"column":36},"end":{"line":164,"column":4}},"55":{"start":{"line":165,"column":2},"end":{"line":165,"column":37}},"56":{"start":{"line":168,"column":12},"end":{"line":168,"column":14}},"57":{"start":{"line":169,"column":18},"end":{"line":169,"column":42}},"58":{"start":{"line":170,"column":18},"end":{"line":170,"column":42}},"59":{"start":{"line":171,"column":18},"end":{"line":171,"column":42}},"60":{"start":{"line":172,"column":18},"end":{"line":172,"column":40}},"61":{"start":{"line":174,"column":22},"end":{"line":174,"column":94}},"62":{"start":{"line":176,"column":15},"end":{"line":195,"column":14}},"63":{"start":{"line":197,"column":2},"end":{"line":197,"column":24}},"64":{"start":{"line":207,"column":2},"end":{"line":207,"column":32}},"65":{"start":{"line":209,"column":19},"end":{"line":209,"column":44}},"66":{"start":{"line":210,"column":19},"end":{"line":210,"column":49}},"67":{"start":{"line":212,"column":2},"end":{"line":217,"column":3}},"68":{"start":{"line":213,"column":4},"end":{"line":216,"column":6}},"69":{"start":{"line":219,"column":2},"end":{"line":219,"column":16}},"70":{"start":{"line":227,"column":2},"end":{"line":227,"column":26}}},"fnMap":{"0":{"name":"normalise","decl":{"start":{"line":15,"column":9},"end":{"line":15,"column":18}},"loc":{"start":{"line":15,"column":32},"end":{"line":17,"column":1}}},"1":{"name":"requireNonEmpty","decl":{"start":{"line":23,"column":9},"end":{"line":23,"column":24}},"loc":{"start":{"line":23,"column":57},"end":{"line":27,"column":1}}},"2":{"name":"generateCode","decl":{"start":{"line":37,"column":9},"end":{"line":37,"column":21}},"loc":{"start":{"line":37,"column":21},"end":{"line":45,"column":1}}},"3":{"name":"getTrack","decl":{"start":{"line":56,"column":16},"end":{"line":56,"column":24}},"loc":{"start":{"line":56,"column":37},"end":{"line":70,"column":1}}},"4":{"name":"(anonymous_5)","decl":{"start":{"line":60,"column":31},"end":{"line":60,"column":32}},"loc":{"start":{"line":60,"column":38},"end":{"line":60,"column":69}}},"5":{"name":"(anonymous_6)","decl":{"start":{"line":65,"column":43},"end":{"line":65,"column":44}},"loc":{"start":{"line":65,"column":50},"end":{"line":65,"column":54}}},"6":{"name":"getChallenge","decl":{"start":{"line":79,"column":16},"end":{"line":79,"column":28}},"loc":{"start":{"line":79,"column":56},"end":{"line":106,"column":1}}},"7":{"name":"(anonymous_8)","decl":{"start":{"line":86,"column":31},"end":{"line":86,"column":32}},"loc":{"start":{"line":86,"column":38},"end":{"line":86,"column":69}}},"8":{"name":"(anonymous_9)","decl":{"start":{"line":91,"column":43},"end":{"line":91,"column":44}},"loc":{"start":{"line":91,"column":50},"end":{"line":91,"column":54}}},"9":{"name":"centerLine","decl":{"start":{"line":114,"column":9},"end":{"line":114,"column":19}},"loc":{"start":{"line":114,"column":55},"end":{"line":119,"column":1}}},"10":{"name":"generateCertificate","decl":{"start":{"line":130,"column":16},"end":{"line":130,"column":35}},"loc":{"start":{"line":132,"column":14},"end":{"line":198,"column":1}}},"11":{"name":"(anonymous_12)","decl":{"start":{"line":140,"column":31},"end":{"line":140,"column":32}},"loc":{"start":{"line":140,"column":38},"end":{"line":140,"column":69}}},"12":{"name":"(anonymous_13)","decl":{"start":{"line":145,"column":43},"end":{"line":145,"column":44}},"loc":{"start":{"line":145,"column":50},"end":{"line":145,"column":54}}},"13":{"name":"verifyCertificate","decl":{"start":{"line":206,"column":16},"end":{"line":206,"column":33}},"loc":{"start":{"line":206,"column":46},"end":{"line":220,"column":1}}},"14":{"name":"_getCertificateStore","decl":{"start":{"line":226,"column":16},"end":{"line":226,"column":36}},"loc":{"start":{"line":226,"column":36},"end":{"line":228,"column":1}}}},"branchMap":{"0":{"loc":{"start":{"line":24,"column":2},"end":{"line":26,"column":3}},"type":"if","locations":[{"start":{"line":24,"column":2},"end":{"line":26,"column":3}}]},"1":{"loc":{"start":{"line":44,"column":9},"end":{"line":44,"column":59}},"type":"cond-expr","locations":[{"start":{"line":44,"column":38},"end":{"line":44,"column":52}},{"start":{"line":44,"column":55},"end":{"line":44,"column":59}}]},"2":{"loc":{"start":{"line":62,"column":2},"end":{"line":67,"column":3}},"type":"if","locations":[{"start":{"line":62,"column":2},"end":{"line":67,"column":3}}]},"3":{"loc":{"start":{"line":88,"column":2},"end":{"line":93,"column":3}},"type":"if","locations":[{"start":{"line":88,"column":2},"end":{"line":93,"column":3}}]},"4":{"loc":{"start":{"line":97,"column":2},"end":{"line":103,"column":3}},"type":"if","locations":[{"start":{"line":97,"column":2},"end":{"line":103,"column":3}}]},"5":{"loc":{"start":{"line":142,"column":2},"end":{"line":147,"column":3}},"type":"if","locations":[{"start":{"line":142,"column":2},"end":{"line":147,"column":3}}]},"6":{"loc":{"start":{"line":174,"column":55},"end":{"line":174,"column":92}},"type":"cond-expr","locations":[{"start":{"line":174,"column":84},"end":{"line":174,"column":87}},{"start":{"line":174,"column":90},"end":{"line":174,"column":92}}]},"7":{"loc":{"start":{"line":212,"column":2},"end":{"line":217,"column":3}},"type":"if","locations":[{"start":{"line":212,"column":2},"end":{"line":217,"column":3}}]}},"s":{"0":1,"1":1,"2":1,"3":1,"4":1,"5":1,"6":1,"7":50,"8":92,"9":12,"10":1,"11":18,"12":18,"13":18,"14":18,"15":72,"16":18,"17":15,"18":13,"19":13,"20":34,"21":13,"22":1,"23":4,"24":12,"25":13,"26":11,"27":9,"28":9,"29":9,"30":21,"31":9,"32":1,"33":4,"34":8,"35":8,"36":1,"37":1,"38":7,"39":162,"40":162,"41":162,"42":162,"43":23,"44":21,"45":19,"46":19,"47":19,"48":39,"49":19,"50":1,"51":4,"52":18,"53":18,"54":18,"55":18,"56":18,"57":18,"58":18,"59":18,"60":18,"61":18,"62":18,"63":18,"64":9,"65":7,"66":7,"67":7,"68":3,"69":4,"70":52},"f":{"0":50,"1":92,"2":18,"3":15,"4":34,"5":4,"6":13,"7":21,"8":4,"9":162,"10":23,"11":39,"12":4,"13":9,"14":52},"b":{"0":[12],"1":[0,18],"2":[1],"3":[1],"4":[1],"5":[1],"6":[18,0],"7":[3]}}
}
