TN:
SF:src\commands\index.ts
FN:15,normalise
FN:23,requireNonEmpty
FN:37,generateCode
FN:56,getTrack
FN:60,(anonymous_5)
FN:65,(anonymous_6)
FN:79,getChallenge
FN:86,(anonymous_8)
FN:91,(anonymous_9)
FN:114,centerLine
FN:130,generateCertificate
FN:140,(anonymous_12)
FN:145,(anonymous_13)
FN:206,verifyCertificate
FN:226,_getCertificateStore
FNF:15
FNH:15
FNDA:50,normalise
FNDA:92,requireNonEmpty
FNDA:18,generateCode
FNDA:15,getTrack
FNDA:34,(anonymous_5)
FNDA:4,(anonymous_6)
FNDA:13,getChallenge
FNDA:21,(anonymous_8)
FNDA:4,(anonymous_9)
FNDA:162,centerLine
FNDA:23,generateCertificate
FNDA:39,(anonymous_12)
FNDA:4,(anonymous_13)
FNDA:9,verifyCertificate
FNDA:52,_getCertificateStore
DA:1,1
DA:9,1
DA:16,50
DA:24,92
DA:25,12
DA:31,1
DA:38,18
DA:39,18
DA:40,18
DA:41,72
DA:44,18
DA:56,1
DA:57,15
DA:59,13
DA:60,34
DA:62,13
DA:63,1
DA:65,4
DA:69,12
DA:79,1
DA:80,13
DA:81,11
DA:83,9
DA:84,9
DA:86,21
DA:88,9
DA:89,1
DA:91,4
DA:95,8
DA:97,8
DA:98,1
DA:99,1
DA:105,7
DA:115,162
DA:116,162
DA:117,162
DA:118,162
DA:130,1
DA:134,23
DA:135,21
DA:137,19
DA:138,19
DA:140,39
DA:142,19
DA:143,1
DA:145,4
DA:149,18
DA:155,18
DA:158,18
DA:165,18
DA:168,18
DA:169,18
DA:170,18
DA:171,18
DA:172,18
DA:174,18
DA:176,18
DA:197,18
DA:206,1
DA:207,9
DA:209,7
DA:210,7
DA:212,7
DA:213,3
DA:219,4
DA:226,1
DA:227,52
LF:67
LH:67
BRDA:24,0,0,12
BRDA:44,1,0,0
BRDA:44,1,1,18
BRDA:62,2,0,1
BRDA:88,3,0,1
BRDA:97,4,0,1
BRDA:142,5,0,1
BRDA:174,6,0,18
BRDA:174,6,1,0
BRDA:212,7,0,3
BRF:10
BRH:8
end_of_record
